<?xml version="1.0" encoding="UTF-8"?>
<!-- Generated by org.testng.reporters.JUnitXMLReporter -->
<testsuite ignored="0" hostname="LAPTOP-J7MO7ID0" failures="0" tests="6" name="Default test" time="12.321" errors="0" timestamp="2025-02-06T07:20:15 IST">
  <testcase classname="com.VRJD.Petstore.Tests.DDTests" name="testPostuser" time="3.222"/>
  <testcase classname="com.VRJD.Petstore.Tests.DDTests" name="testPostuser" time="1.31"/>
  <testcase classname="com.VRJD.Petstore.Tests.DDTests" name="testPostuser" time="1.303"/>
  <testcase classname="com.VRJD.Petstore.Tests.DDTests" name="testDeleteUserByName" time="1.38"/>
  <testcase classname="com.VRJD.Petstore.Tests.DDTests" name="testDeleteUserByName" time="1.318"/>
  <testcase classname="com.VRJD.Petstore.Tests.DDTests" name="testDeleteUserByName" time="1.28"/>
</testsuite> <!-- Default test -->
