<?xml version="1.0" encoding="UTF-8"?>
<!-- Generated by org.testng.reporters.JUnitReportReporter -->
<testsuite hostname="LAPTOP-J7MO7ID0" failures="0" tests="6" name="com.VRJD.Petstore.Tests.DDTests" time="9.813" errors="0" timestamp="2025-02-06T07:20:15 IST" skipped="0">
  <testcase classname="com.VRJD.Petstore.Tests.DDTests" name="testPostuser" time="3.222"/>
  <system-out/>
  <testcase classname="com.VRJD.Petstore.Tests.DDTests" name="testPostuser" time="1.310"/>
  <system-out/>
  <testcase classname="com.VRJD.Petstore.Tests.DDTests" name="testPostuser" time="1.303"/>
  <system-out/>
  <testcase classname="com.VRJD.Petstore.Tests.DDTests" name="testDeleteUserByName" time="1.380"/>
  <system-out/>
  <testcase classname="com.VRJD.Petstore.Tests.DDTests" name="testDeleteUserByName" time="1.318"/>
  <system-out/>
  <testcase classname="com.VRJD.Petstore.Tests.DDTests" name="testDeleteUserByName" time="1.280"/>
  <system-out/>
</testsuite> <!-- com.VRJD.Petstore.Tests.DDTests -->
