<?xml version="1.0" encoding="UTF-8"?>
<!-- Generated by org.testng.reporters.JUnitReportReporter -->
<testsuite hostname="LAPTOP-J7MO7ID0" failures="0" tests="4" name="com.VRJD.Petstore.Tests.UserTests" time="9.033" errors="0" timestamp="2025-02-06T07:19:26 IST" skipped="0">
  <testcase classname="com.VRJD.Petstore.Tests.UserTests" name="TC_001_Create_User" time="3.702"/>
  <system-out/>
  <testcase classname="com.VRJD.Petstore.Tests.UserTests" name="TC_002_Get_User_ByName" time="1.362"/>
  <system-out/>
  <testcase classname="com.VRJD.Petstore.Tests.UserTests" name="TC_003_Update_User_ByName" time="2.632"/>
  <system-out/>
  <testcase classname="com.VRJD.Petstore.Tests.UserTests" name="TC_004_Delete_User_ByName" time="1.337"/>
  <system-out/>
</testsuite> <!-- com.VRJD.Petstore.Tests.UserTests -->
