<?xml version="1.0" encoding="UTF-8"?>
<!-- Generated by org.testng.reporters.JUnitReportReporter -->
<testsuite hostname="LAPTOP-J7MO7ID0" failures="0" tests="4" name="com.VRJD.Petstore.Tests.UserTests2" time="8.927" errors="0" timestamp="2025-02-06T07:19:54 IST" skipped="0">
  <testcase classname="com.VRJD.Petstore.Tests.UserTests2" name="TC_001_Create_User" time="3.316"/>
  <system-out/>
  <testcase classname="com.VRJD.Petstore.Tests.UserTests2" name="TC_002_Get_User_ByName" time="1.313"/>
  <system-out/>
  <testcase classname="com.VRJD.Petstore.Tests.UserTests2" name="TC_003_Update_User_ByName" time="3.005"/>
  <system-out/>
  <testcase classname="com.VRJD.Petstore.Tests.UserTests2" name="TC_004_Delete_User_ByName" time="1.293"/>
  <system-out/>
</testsuite> <!-- com.VRJD.Petstore.Tests.UserTests2 -->
