<?xml version="1.0" encoding="UTF-8"?>
<!-- Generated by org.testng.reporters.JUnitXMLReporter -->
<testsuite ignored="0" hostname="LAPTOP-J7MO7ID0" failures="0" tests="4" name="PetTests" time="10.223" errors="0" timestamp="2025-02-05T15:37:22 IST">
  <testcase classname="com.VRJD.Petstore.Tests.UserTests" name="TC_001_Create_User" time="3.31"/>
  <testcase classname="com.VRJD.Petstore.Tests.UserTests" name="TC_002_Get_User_ByName" time="1.337"/>
  <testcase classname="com.VRJD.Petstore.Tests.UserTests" name="TC_003_Update_User_ByName" time="2.7"/>
  <testcase classname="com.VRJD.Petstore.Tests.UserTests" name="TC_004_Delete_User_ByName" time="1.295"/>
</testsuite> <!-- PetTests -->
